<?xml version="1.0" encoding="UTF-8"?>
<!-- Generated by org.testng.reporters.JUnitXMLReporter -->
<testsuite ignored="0" hostname="DESKTOP-VHA2GNI" failures="0" tests="4" name="Users Test" time="6.07" errors="0" timestamp="2022-06-08T20:49:36 WIB">
  <testcase classname="users.ListUserTest" name="ListUserTest" time="3.191"/>
  <testcase classname="users.SingleUserTest" name="SingleUserTest" time="0.174"/>
  <testcase classname="users.CreateUserTest" name="CreateUserTest" time="1.406"/>
  <testcase classname="users.UpdateUserTest" name="UpdateUserTest" time="0.63"/>
</testsuite> <!-- Users Test -->
