<?xml version="1.0" encoding="UTF-8"?>
<!-- Generated by org.testng.reporters.JUnitXMLReporter -->
<testsuite ignored="0" hostname="DESKTOP-VHA2GNI" failures="0" tests="2" name="Unsuccessful Register - Login Test" time="1.506" errors="0" timestamp="2022-06-08T20:49:39 WIB">
  <testcase classname="register.UnsuccessfulRegister" name="UnsuccessfulRegister" time="0.896"/>
  <testcase classname="auth.UnsuccessfulLogin" name="UnsuccessfulLogin" time="0.601"/>
</testsuite> <!-- Unsuccessful Register - Login Test -->
