<?xml version="1.0" encoding="UTF-8"?>
<testsuite xmlns:xsi="http://www.w3.org/2001/XMLSchema-instance" xsi:noNamespaceSchemaLocation="https://maven.apache.org/surefire/maven-surefire-plugin/xsd/surefire-test-report-3.0.xsd" version="3.0" name="TestSuite" time="10.59" tests="8" errors="0" skipped="0" failures="0">
  <properties>
[...]
</properties>
  <testcase name="ListUserTest[org.testng.TestRunner@436bc36](1)" classname="users.ListUserTest" time="3.188">
    <system-out><![CDATA[{"page":2,"per_page":6,"total":12,"total_pages":2,"data":[{"id":7,"email":"michael.lawson@reqres.in","first_name":"Michael","last_name":"Lawson","avatar":"https://reqres.in/img/faces/7-image.jpg"},{"id":8,"email":"lindsay.ferguson@reqres.in","first_name":"Lindsay","last_name":"Ferguson","avatar":"https://reqres.in/img/faces/8-image.jpg"},{"id":9,"email":"tobias.funke@reqres.in","first_name":"Tobias","last_name":"Funke","avatar":"https://reqres.in/img/faces/9-image.jpg"},{"id":10,"email":"byron.fields@reqres.in","first_name":"Byron","last_name":"Fields","avatar":"https://reqres.in/img/faces/10-image.jpg"},{"id":11,"email":"george.edwards@reqres.in","first_name":"George","last_name":"Edwards","avatar":"https://reqres.in/img/faces/11-image.jpg"},{"id":12,"email":"rachel.howell@reqres.in","first_name":"Rachel","last_name":"Howell","avatar":"https://reqres.in/img/faces/12-image.jpg"}],"support":{"url":"https://reqres.in/#support-heading","text":"To keep ReqRes free, contributions towards server costs are appreciated!"}}
]]></system-out>
    <system-err><![CDATA[SLF4J: Failed to load class "org.slf4j.impl.StaticLoggerBinder".
SLF4J: Defaulting to no-operation (NOP) logger implementation
SLF4J: See http://www.slf4j.org/codes.html#StaticLoggerBinder for further details.
]]></system-err>
  </testcase>
  <testcase name="SingleUserTest[org.testng.TestRunner@436bc36](1)" classname="users.SingleUserTest" time="0.181">
    <system-out><![CDATA[{"data":{"id":7,"email":"michael.lawson@reqres.in","first_name":"Michael","last_name":"Lawson","avatar":"https://reqres.in/img/faces/7-image.jpg"},"support":{"url":"https://reqres.in/#support-heading","text":"To keep ReqRes free, contributions towards server costs are appreciated!"}}
]]></system-out>
  </testcase>
  <testcase name="CreateUserTest[org.testng.TestRunner@436bc36](1)" classname="users.CreateUserTest" time="1.409">
    <system-out><![CDATA[{"name":"Immanuela","job":"leader","id":"500","createdAt":"2022-06-08T13:49:37.230Z"}
]]></system-out>
  </testcase>
  <testcase name="UpdateUserTest[org.testng.TestRunner@436bc36](1)" classname="users.UpdateUserTest" time="0.636">
    <system-out><![CDATA[{"name":"Immanuela","job":"Quality Assurance","updatedAt":"2022-06-08T13:49:38.633Z"}
]]></system-out>
  </testcase>
  <testcase name="SuccessfulRegister[org.testng.TestRunner@7ac48e10](1)" classname="register.SuccessRegister" time="0.844">
    <system-out><![CDATA[{"id":4,"token":"QpwL5tke4Pnpja7X4"}
]]></system-out>
  </testcase>
  <testcase name="SuccessLogin[org.testng.TestRunner@7ac48e10](1)" classname="auth.SuccessLogin" time="0.712">
    <system-out><![CDATA[{"token":"QpwL5tke4Pnpja7X4"}
]]></system-out>
  </testcase>
  <testcase name="UnsuccessfulRegister" classname="register.UnsuccessfulRegister" time="0.91">
    <system-out><![CDATA[{"error":"Missing password"}
]]></system-out>
  </testcase>
  <testcase name="UnsuccessfulLogin" classname="auth.UnsuccessfulLogin" time="0.82">
    <system-out><![CDATA[{"error":"Missing password"}
]]></system-out>
  </testcase>
</testsuite>